7.5081 	EXP 	Set Window color=[ 0.  0.  0.] (rgb)
9.3662 	WARNING 	t of last frame was 41.12ms (=1/24)
9.9692 	EXP 	Created expInstruction = TextStim(alignHoriz='center', alignVert='center', antialias=True, autoLog=True, bold=False, color=u'white', colorSpace='named', contrast=1.0, depth=0.0, flipHoriz=False, flipVert=False, font=UNKNOWN, fontFiles=UNKNOWN, height=360, italic=False, name='expInstruction', opacity=1.0, ori=0, pos=array([ 0.,  0.]), rgb=array([ 255.,  255.,  255.]), text=unicode(...), units=u'norm', win=Window(...), wrapWidth=UNKNOWN)
9.9897 	EXP 	Created text = TextStim(alignHoriz='center', alignVert='center', antialias=True, autoLog=True, bold=False, color=u'white', colorSpace='named', contrast=1.0, depth=-1.0, flipHoriz=False, flipVert=False, font=UNKNOWN, fontFiles=UNKNOWN, height=180, italic=False, name='text', opacity=1.0, ori=0, pos=array([ 0.,  0.]), rgb=array([ 255.,  255.,  255.]), text=u'Any text\n\nincluding line breaks', units=u'norm', win=Window(...), wrapWidth=UNKNOWN)
10.0235 	EXP 	Created image = ImageStim(autoLog=True, color=array([ 1.,  1.,  1.]), colorSpace=u'rgb', contrast=1.0, depth=0.0, flipHoriz=False, flipVert=False, image=UNKNOWN, interpolate=False, mask=None, maskParams=None, name='image', opacity=1.0, ori=0.0, pos=array([ 0.,  0.]), size=array([ 0.5,  0.5]), texRes=128, units=u'norm', win=Window(...))
10.2378 	EXP 	Set  sound=A
10.2378 	EXP 	Set Sound  volume=1.000
10.3326 	EXP 	Set  sound=I_Believe_I_Can_Fly_sample.ogg
10.3326 	EXP 	Set Sound  volume=1.000
10.3642 	EXP 	Created text_2 = TextStim(alignHoriz='center', alignVert='center', antialias=True, autoLog=True, bold=False, color=u'white', colorSpace='named', contrast=1.0, depth=0.0, flipHoriz=False, flipVert=False, font=UNKNOWN, fontFiles=UNKNOWN, height=240, italic=False, name='text_2', opacity=1.0, ori=0, pos=array([ 0.,  0.]), rgb=array([ 255.,  255.,  255.]), text=unicode(...), units=u'norm', win=Window(...), wrapWidth=UNKNOWN)
10.3839 	EXP 	TextStim: autoLog = None
10.3839 	EXP 	TextStim: autoLog = None
10.3839 	EXP 	ImageStim: autoLog = None
10.3839 	EXP 	TextStim: autoLog = None
10.3839 	EXP 	TextStim: autoDraw = None
11.5856 	DATA 	Keypress: space
11.5943 	EXP 	TextStim: autoDraw = None
11.5943 	EXP 	TextStim: autoDraw = None
11.9855 	DATA 	Keypress: space
12.1118 	EXP 	TextStim: autoDraw = None
12.1118 	EXP 	ImageStim: autoDraw = None
12.4531 	DATA 	Keypress: space
13.8509 	DATA 	Keypress: space
15.0762 	EXP 	Sound  started
15.0937 	EXP 	ImageStim: autoDraw = None
15.0937 	EXP 	ImageStim: autoDraw = None
16.0649 	EXP 	Sound  stopped
16.0816 	EXP 	Sound  started
21.0630 	EXP 	Sound  stopped
21.0796 	EXP 	TextStim: autoDraw = None
