4.6688 	EXP 	Set Window color=[ 0.  0.  0.] (rgb)
6.1327 	EXP 	Created expInstruction = TextStim(alignHoriz='center', alignVert='center', antialias=True, autoLog=True, bold=False, color=u'white', colorSpace='named', contrast=1.0, depth=0.0, flipHoriz=False, flipVert=False, font=UNKNOWN, fontFiles=UNKNOWN, height=360, italic=False, name='expInstruction', opacity=1.0, ori=0, pos=array([ 0.,  0.]), rgb=array([ 255.,  255.,  255.]), text=unicode(...), units=u'norm', win=Window(...), wrapWidth=UNKNOWN)
6.1520 	EXP 	Created text = TextStim(alignHoriz='center', alignVert='center', antialias=True, autoLog=True, bold=False, color=u'white', colorSpace='named', contrast=1.0, depth=-1.0, flipHoriz=False, flipVert=False, font=UNKNOWN, fontFiles=UNKNOWN, height=180, italic=False, name='text', opacity=1.0, ori=0, pos=array([ 0.,  0.]), rgb=array([ 255.,  255.,  255.]), text=u'Any text\n\nincluding line breaks', units=u'norm', win=Window(...), wrapWidth=UNKNOWN)
6.1816 	EXP 	Created image = ImageStim(autoLog=True, color=array([ 1.,  1.,  1.]), colorSpace=u'rgb', contrast=1.0, depth=0.0, flipHoriz=False, flipVert=False, image=UNKNOWN, interpolate=False, mask=None, maskParams=None, name='image', opacity=1.0, ori=0.0, pos=array([ 0.,  0.]), size=array([ 0.5,  0.5]), texRes=128, units=u'norm', win=Window(...))
6.9277 	EXP 	Set  sound=A
6.9278 	EXP 	Set Sound  volume=1.000
6.9518 	EXP 	TextStim: autoLog = None
6.9518 	EXP 	TextStim: autoLog = None
6.9518 	EXP 	ImageStim: autoLog = None
6.9518 	EXP 	TextStim: autoDraw = None
8.2512 	DATA 	Keypress: space
8.2644 	EXP 	TextStim: autoDraw = None
8.2644 	EXP 	TextStim: autoDraw = None
8.6503 	DATA 	Keypress: space
8.7809 	EXP 	TextStim: autoDraw = None
8.7809 	EXP 	ImageStim: autoDraw = None
9.5573 	DATA 	Keypress: space
11.7477 	EXP 	Sound  started
11.7647 	EXP 	ImageStim: autoDraw = None
11.7647 	EXP 	ImageStim: autoDraw = None
12.7355 	EXP 	Sound  stopped
