5.6701 	EXP 	Set Window color=[ 0.  0.  0.] (rgb)
6.7803 	EXP 	Created text = TextStim(alignHoriz='center', alignVert='center', antialias=True, autoLog=True, bold=False, color='white', colorSpace='named', contrast=1.0, depth=-1.0, flipHoriz=False, flipVert=False, font=UNKNOWN, fontFiles=UNKNOWN, height=41, italic=False, name='text', opacity=1.0, ori=0, pos=array([ 0.,  0.]), rgb=array([ 255.,  255.,  255.]), text=u'default text', units=u'norm', win=Window(...), wrapWidth=UNKNOWN)
6.7808 	EXP 	Imported datasource.csv as conditions, 6 conditions, 1 params
6.7813 	EXP 	Created sequence: random, trialTypes=6, nReps=1, seed=None
6.7820 	EXP 	New trial (rep=0, index=0): {'number': 4}
6.7988 	EXP 	TextStim: autoLog = None
6.7988 	EXP 	Set text text=4
6.7988 	EXP 	TextStim: autoDraw = None
7.7996 	EXP 	TextStim: autoDraw = None
9.7631 	DATA 	Keypress: space
9.7665 	EXP 	New trial (rep=0, index=1): {'number': 5}
9.7950 	EXP 	TextStim: autoDraw = None
9.7950 	EXP 	Set text text=5
9.7950 	EXP 	TextStim: autoDraw = None
10.7895 	EXP 	TextStim: autoDraw = None
11.1592 	DATA 	Keypress: space
11.1660 	EXP 	New trial (rep=0, index=2): {'number': 1}
11.1999 	EXP 	TextStim: autoDraw = None
11.1999 	EXP 	Set text text=1
11.1999 	EXP 	TextStim: autoDraw = None
11.6280 	DATA 	Keypress: space
11.7003 	EXP 	New trial (rep=0, index=3): {'number': 3}
11.7189 	EXP 	TextStim: autoDraw = None
11.7189 	EXP 	Set text text=3
11.7189 	EXP 	TextStim: autoDraw = None
12.1184 	DATA 	Keypress: space
12.2219 	EXP 	New trial (rep=0, index=4): {'number': 6}
12.2391 	EXP 	TextStim: autoDraw = None
12.2391 	EXP 	Set text text=6
12.2391 	EXP 	TextStim: autoDraw = None
12.5776 	DATA 	Keypress: space
12.7429 	EXP 	New trial (rep=0, index=5): {'number': 2}
12.7753 	EXP 	TextStim: autoDraw = None
12.7753 	EXP 	Set text text=2
12.7753 	EXP 	TextStim: autoDraw = None
13.1280 	DATA 	Keypress: space
