2.6189 	EXP 	Set Window color=[ 0.  0.  0.] (rgb)
3.3818 	EXP 	Created text = TextStim(alignHoriz='center', alignVert='center', antialias=True, autoLog=True, bold=False, color=u'white', colorSpace='named', contrast=1.0, depth=-1.0, flipHoriz=False, flipVert=False, font=UNKNOWN, fontFiles=UNKNOWN, height=52, italic=False, name='text', opacity=1.0, ori=0, pos=array([ 0.,  0.]), rgb=array([ 255.,  255.,  255.]), text=u'default text', units=u'norm', win=Window(...), wrapWidth=UNKNOWN)
3.3823 	EXP 	Imported datasource.csv as conditions, 9 conditions, 1 params
3.3828 	EXP 	Created sequence: random, trialTypes=9, nReps=5, seed=None
3.3834 	EXP 	New trial (rep=0, index=0): {'number': 3}
3.4140 	EXP 	Set text text=3
3.4140 	EXP 	TextStim: autoDraw = True
4.3834 	EXP 	New trial (rep=0, index=1): {'number': 7}
4.3993 	EXP 	TextStim: autoDraw = False
4.3993 	EXP 	Set text text=7
4.3993 	EXP 	TextStim: autoDraw = True
5.3861 	EXP 	New trial (rep=0, index=2): {'number': 9}
5.4019 	EXP 	TextStim: autoDraw = False
5.4019 	EXP 	Set text text=9
5.4019 	EXP 	TextStim: autoDraw = True
6.3884 	EXP 	New trial (rep=0, index=3): {'number': 4}
6.4046 	EXP 	TextStim: autoDraw = False
6.4046 	EXP 	Set text text=4
6.4046 	EXP 	TextStim: autoDraw = True
7.3926 	EXP 	New trial (rep=0, index=4): {'number': 6}
7.4080 	EXP 	TextStim: autoDraw = False
7.4080 	EXP 	Set text text=6
7.4080 	EXP 	TextStim: autoDraw = True
8.3955 	EXP 	New trial (rep=0, index=5): {'number': 8}
8.4113 	EXP 	TextStim: autoDraw = False
8.4113 	EXP 	Set text text=8
8.4113 	EXP 	TextStim: autoDraw = True
9.3981 	EXP 	New trial (rep=0, index=6): {'number': 1}
9.4141 	EXP 	TextStim: autoDraw = False
9.4141 	EXP 	Set text text=1
9.4141 	EXP 	TextStim: autoDraw = True
10.3841 	EXP 	New trial (rep=0, index=7): {'number': 2}
10.3997 	EXP 	TextStim: autoDraw = False
10.3997 	EXP 	Set text text=2
10.3997 	EXP 	TextStim: autoDraw = True
10.7120 	DATA 	Keypress: escape
