4.1211	EXP	Set Window color=[ 0.  0.  0.] (rgb)
5.1269	EXP	Imported conditions.xlsx as conditions, 6 conditions, 1 params
5.1275	EXP	Created sequence: random, trialTypes=6, nReps=2, seed=None
5.1281	EXP	New trial (rep=0, index=0): {u'nDistractors': 4}
5.1404	EXP	Set distractor pos=[-0.08839913 -0.27562067]
5.1404	EXP	Set target pos=[-0.28453899  0.0429694 ]
5.6584	EXP	Started presenting distractor
5.6584	EXP	Started presenting target
6.5444	DATA	Mouse: Left button down, pos=(905,717)
6.5468	EXP	New trial (rep=0, index=1): {u'nDistractors': 16}
6.5608	EXP	Stopped presenting distractor
6.5608	EXP	Stopped presenting target
6.5608	EXP	Set distractor pos=[ 0.15007941 -0.37155953]
6.5608	EXP	Set target pos=[-0.01360118  0.18795585]
6.8480	DATA	Mouse: Left button up, pos=(905,717)
7.0788	EXP	Started presenting distractor
7.0788	EXP	Started presenting target
7.8813	DATA	Mouse: Left button down, pos=(1246,835)
7.8830	EXP	New trial (rep=0, index=2): {u'nDistractors': 16}
7.8976	EXP	Stopped presenting distractor
7.8976	EXP	Stopped presenting target
7.8976	EXP	Set distractor pos=[ 0.19698966  0.00731637]
7.8976	EXP	Set target pos=[-0.34765425 -0.49549211]
8.1842	DATA	Mouse: Left button up, pos=(1246,835)
8.4155	EXP	Started presenting distractor
8.4155	EXP	Started presenting target
9.6360	DATA	Mouse: Left button down, pos=(867,393)
9.6378	EXP	New trial (rep=0, index=3): {u'nDistractors': 4}
9.6521	EXP	Stopped presenting distractor
9.6521	EXP	Stopped presenting target
9.6521	EXP	Set distractor pos=[-0.33040202  0.03709595]
9.6521	EXP	Set target pos=[ 0.20951049  0.14156544]
9.9393	DATA	Mouse: Left button up, pos=(862,390)
10.1701	EXP	Started presenting distractor
10.1701	EXP	Started presenting target
11.3238	DATA	Mouse: Left button down, pos=(1556,779)
11.3257	EXP	New trial (rep=0, index=4): {u'nDistractors': 8}
11.3398	EXP	Stopped presenting distractor
11.3398	EXP	Stopped presenting target
11.3398	EXP	Set distractor pos=[ 0.23076695  0.16736112]
11.3398	EXP	Set target pos=[-0.07924014  0.41090046]
11.6269	DATA	Mouse: Left button up, pos=(1557,780)
11.7860	DATA	Keypress: escape
